<?xml version="1.0" encoding="UTF-8"?>
<!-- Generated by org.testng.reporters.JUnitReportReporter -->
<testsuite skipped="0" hostname="QSI026513" name="TestNGPriority.TestNGDependencyDemo" tests="2" failures="0" timestamp="2020-05-17T16:51:45 CDT" time="0.007" errors="0">
  <testcase name="test1" time="0.001" classname="TestNGPriority.TestNGDependencyDemo"/>
  <system-out/>
  <testcase name="test2" time="0.006" classname="TestNGPriority.TestNGDependencyDemo"/>
  <system-out/>
</testsuite> <!-- TestNGPriority.TestNGDependencyDemo -->
