<?xml version="1.0" encoding="UTF-8"?>
<!-- Generated by org.testng.reporters.JUnitReportReporter -->
<testsuite skipped="0" hostname="QSI026513" name="TestNGPriority.TestNGPriorityDemo" tests="3" failures="0" timestamp="2020-05-17T13:45:03 CDT" time="0.009" errors="0">
  <testcase name="one" time="0.007" classname="TestNGPriority.TestNGPriorityDemo"/>
  <system-out/>
  <testcase name="two" time="0.002" classname="TestNGPriority.TestNGPriorityDemo"/>
  <system-out/>
  <testcase name="three" time="0.000" classname="TestNGPriority.TestNGPriorityDemo"/>
  <system-out/>
</testsuite> <!-- TestNGPriority.TestNGPriorityDemo -->
