<?xml version="1.0" encoding="UTF-8"?>
<!-- Generated by org.testng.reporters.JUnitReportReporter -->
<testsuite skipped="0" hostname="QSI026513" name="TestNGPriority.TestNGGroupsDemo" tests="1" failures="0" timestamp="2020-05-17T16:22:34 CDT" time="0.006" errors="0">
  <testcase name="Test2" time="0.006" classname="TestNGPriority.TestNGGroupsDemo"/>
  <system-out/>
</testsuite> <!-- TestNGPriority.TestNGGroupsDemo -->
