<?xml version="1.0" encoding="UTF-8"?>
<!-- Generated by org.testng.reporters.JUnitReportReporter -->
<testsuite skipped="0" hostname="QSI026513" name="Test.ExtendTestReportwithTestNG" tests="1" failures="0" timestamp="2020-05-16T17:53:36 CDT" time="5.875" errors="0">
  <testcase name="test1" time="5.875" classname="Test.ExtendTestReportwithTestNG"/>
  <system-out/>
</testsuite> <!-- Test.ExtendTestReportwithTestNG -->
