<?xml version="1.0" encoding="UTF-8"?>
<!-- Generated by org.testng.reporters.JUnitReportReporter -->
<testsuite skipped="0" hostname="QSI026513" name="listeners.TestNGListenerDemo" tests="3" failures="0" timestamp="2020-05-17T13:04:11 CDT" time="0.007" errors="0">
  <testcase name="test2" time="0.001" classname="listeners.TestNGListenerDemo"/>
  <system-out/>
  <testcase name="test3" time="0.000" classname="listeners.TestNGListenerDemo"/>
  <system-out/>
  <testcase name="test1" time="0.006" classname="listeners.TestNGListenerDemo"/>
  <system-out/>
</testsuite> <!-- listeners.TestNGListenerDemo -->
