<?xml version="1.0" encoding="UTF-8"?>
<!-- Generated by org.testng.reporters.JUnitReportReporter -->
<testsuite skipped="0" hostname="QSI026513" name="Test.TestNG_Demo2" tests="1" failures="0" timestamp="2020-05-16T19:23:44 CDT" time="5.273" errors="0">
  <testcase name="googleSearchTest3" time="5.273" classname="Test.TestNG_Demo2"/>
  <system-out/>
</testsuite> <!-- Test.TestNG_Demo2 -->
