<?xml version="1.0" encoding="UTF-8"?>
<!-- Generated by org.testng.reporters.JUnitReportReporter -->
<testsuite skipped="0" hostname="QSI026513" name="TestNGPriority.TestNGParametersDemo" tests="1" failures="0" timestamp="2020-05-17T16:47:32 CDT" time="0.007" errors="0">
  <testcase name="test" time="0.007" classname="TestNGPriority.TestNGParametersDemo"/>
  <system-out/>
</testsuite> <!-- TestNGPriority.TestNGParametersDemo -->
