<?xml version="1.0" encoding="UTF-8"?>
<!-- Generated by org.testng.reporters.JUnitReportReporter -->
<testsuite skipped="0" hostname="QSI026513" name="utils.ExcelDataProvider" tests="2" failures="0" timestamp="2020-05-17T12:59:55 CDT" time="7.162" errors="0">
  <testcase name="test1" time="3.981" classname="utils.ExcelDataProvider"/>
  <system-out/>
  <testcase name="test1" time="3.181" classname="utils.ExcelDataProvider"/>
  <system-out/>
</testsuite> <!-- utils.ExcelDataProvider -->
